2014-11-09 19:43:50.339+0000 INFO  [org.neo4j]: You are using an unsupported version of the Java runtime. Please use Oracle(R) Java(TM) Runtime Environment 7 or OpenJDK(TM) 7.
2014-11-09 19:43:50.484+0000 INFO  [org.neo4j]: No locking implementation specified, defaulting to 'community'
2014-11-09 19:43:50.705+0000 INFO  [org.neo4j]: --- INITIALIZED diagnostics START ---
2014-11-09 19:43:50.707+0000 INFO  [org.neo4j]: Neo4j Kernel properties:
    neostore.propertystore.db.strings.mapped_memory=47M
    ephemeral=false
    neostore.nodestore.db.mapped_memory=15M
    store_dir=target/neo4j-traversal-example
    neostore.propertystore.db.arrays.mapped_memory=53M
    neostore.propertystore.db.mapped_memory=55M
    neostore.relationshipstore.db.mapped_memory=67M
2014-11-09 19:43:50.717+0000 INFO  [org.neo4j]: Diagnostics providers:
    org.neo4j.kernel.configuration.Config
    org.neo4j.kernel.info.DiagnosticsManager
    SYSTEM_MEMORY
    JAVA_MEMORY
    OPERATING_SYSTEM
    JAVA_VIRTUAL_MACHINE
    CLASSPATH
    LIBRARY_PATH
    SYSTEM_PROPERTIES
    NETWORK
2014-11-09 19:43:50.721+0000 INFO  [org.neo4j]: System memory information:
    Total Physical memory: 3.97 GB
    Free Physical memory: 885.02 MB
    Committed virtual memory: 140.83 MB
    Total swap space: 7.93 GB
    Free swap space: 3.49 GB
2014-11-09 19:43:50.744+0000 INFO  [org.neo4j]: JVM memory information:
    Free  memory: 63.17 MB
    Total memory: 67.50 MB
    Max   memory: 903.50 MB
    Garbage Collector: PS Scavenge: [PS Eden Space, PS Survivor Space]
    Garbage Collector: PS MarkSweep: [PS Eden Space, PS Survivor Space, PS Old Gen]
    Memory Pool: Code Cache (Non-heap memory): committed=2.44 MB, used=2.22 MB, max=240.00 MB, threshold=0.00 B
    Memory Pool: Metaspace (Non-heap memory): committed=6.38 MB, used=6.21 MB, max=-1.00 B, threshold=0.00 B
    Memory Pool: Compressed Class Space (Non-heap memory): committed=896.00 kB, used=832.37 kB, max=1.00 GB, threshold=0.00 B
    Memory Pool: PS Eden Space (Heap memory): committed=3.50 MB, used=2.07 MB, max=335.50 MB, threshold=?
    Memory Pool: PS Survivor Space (Heap memory): committed=1.50 MB, used=1.13 MB, max=1.50 MB, threshold=?
    Memory Pool: PS Old Gen (Heap memory): committed=62.50 MB, used=1.13 MB, max=677.50 MB, threshold=0.00 B
2014-11-09 19:43:50.760+0000 INFO  [org.neo4j]: Operating system information:
    Operating System: Windows 7; version: 6.1; arch: amd64; cpus: 2
    Process id: 5068@GNXN000000-PC
    Byte order: LITTLE_ENDIAN
    Local timezone: America/Regina
2014-11-09 19:43:50.863+0000 INFO  [org.neo4j]: JVM information:
    VM Name: Java HotSpot(TM) 64-Bit Server VM
    VM Vendor: Oracle Corporation
    VM Version: 25.5-b02
    JIT compiler: HotSpot 64-Bit Tiered Compilers
    VM Arguments: [-Dfile.encoding=UTF-8]
2014-11-09 19:43:50.865+0000 INFO  [org.neo4j]: Java classpath:
     [classpath] F:\DropBox\Dropbox\4th Semester\AlgStrData\Proyecto\lib\lib\geronimo-jta_1.1_spec-1.1.1.jar
     [bootstrap] F:\JAVA\jre\lib\rt.jar
     [loader.1] file:/F:/JAVA/jre/lib/ext/sunjce_provider.jar
     [loader.0] file:/F:/DropBox/Dropbox/4th%20Semester/AlgStrData/Proyecto/lib/lib/neo4j-graph-matching-2.1.4.jar
     [loader.0] file:/F:/DropBox/Dropbox/4th%20Semester/AlgStrData/Proyecto/lib/lib/neo4j-lucene-index-2.1.4.jar
     [loader.0] file:/F:/DropBox/Dropbox/4th%20Semester/AlgStrData/Proyecto/lib/lib/neo4j-jmx-2.1.4.jar
     [classpath] F:\DropBox\Dropbox\4th Semester\AlgStrData\Proyecto\lib\lib\neo4j-udc-2.1.4.jar
     [loader.0] file:/F:/DropBox/Dropbox/4th%20Semester/AlgStrData/Proyecto/lib/lib/neo4j-shell-2.1.4.jar
     [loader.1] file:/F:/JAVA/jre/lib/ext/jaccess.jar
     [classpath] F:\DropBox\Dropbox\4th Semester\AlgStrData\Proyecto\lib\lib\neo4j-cypher-compiler-2.0-2.0.3.jar
     [classpath] F:\DropBox\Dropbox\4th Semester\AlgStrData\Proyecto\lib\lib\neo4j-kernel-2.1.4.jar
     [loader.0] file:/F:/DropBox/Dropbox/4th%20Semester/AlgStrData/Proyecto/lib/lib/org.apache.servicemix.bundles.jline-0.9.94_1.jar
     [loader.0] file:/F:/DropBox/Dropbox/4th%20Semester/AlgStrData/Proyecto/lib/lib/neo4j-cypher-compiler-1.9-2.0.3.jar
     [bootstrap] F:\JAVA\jre\lib\sunrsasign.jar
     [classpath] F:\DropBox\Dropbox\4th Semester\AlgStrData\Proyecto\lib\lib\parboiled-scala_2.10-1.1.6.jar
     [loader.0] file:/F:/DropBox/Dropbox/4th%20Semester/AlgStrData/Proyecto/lib/lib/neo4j-cypher-commons-2.1.4.jar
     [loader.1] file:/F:/JAVA/jre/lib/ext/dnsns.jar
     [bootstrap] F:\JAVA\jre\lib\resources.jar
     [loader.0] file:/F:/DropBox/Dropbox/4th%20Semester/AlgStrData/Proyecto/lib/lib/server-api-2.1.4.jar
     [loader.1] file:/F:/JAVA/jre/lib/ext/nashorn.jar
     [classpath] F:\DropBox\Dropbox\4th Semester\AlgStrData\Proyecto\lib\lib\neo4j-primitive-collections-2.1.4.jar
     [loader.0] file:/F:/DropBox/Dropbox/4th%20Semester/AlgStrData/Proyecto/lib/lib/scala-library-2.10.4.jar
     [bootstrap] F:\JAVA\jre\lib\charsets.jar
     [classpath] F:\DropBox\Dropbox\4th Semester\AlgStrData\Proyecto\lib\lib\opencsv-2.0.jar
     [loader.0] file:/F:/DropBox/Dropbox/4th%20Semester/AlgStrData/Proyecto/lib/lib/neo4j-cypher-2.1.4.jar
     [loader.0] file:/F:/DropBox/Dropbox/4th%20Semester/AlgStrData/Proyecto/Proyecto/Proyecto2/NEOVitapp/build/classes/
     [loader.0] file:/F:/DropBox/Dropbox/4th%20Semester/AlgStrData/Proyecto/lib/lib/lucene-core-3.6.2.jar
     [loader.1] file:/F:/JAVA/jre/lib/ext/sunpkcs11.jar
     [classpath] F:\DropBox\Dropbox\4th Semester\AlgStrData\Proyecto\lib\lib\neo4j-graph-algo-2.1.4.jar
     [loader.0] file:/F:/DropBox/Dropbox/4th%20Semester/AlgStrData/Proyecto/lib/lib/neo4j-kernel-2.1.4.jar
     [loader.1] file:/F:/JAVA/jre/lib/ext/localedata.jar
     [bootstrap] F:\JAVA\jre\classes
     [loader.0] file:/F:/DropBox/Dropbox/4th%20Semester/AlgStrData/Proyecto/lib/lib/geronimo-jta_1.1_spec-1.1.1.jar
     [bootstrap] F:\JAVA\jre\lib\jfr.jar
     [loader.0] file:/F:/DropBox/Dropbox/4th%20Semester/AlgStrData/Proyecto/lib/lib/neo4j-cypher-compiler-2.0-2.0.3.jar
     [classpath] F:\DropBox\Dropbox\4th Semester\AlgStrData\Proyecto\lib\lib\parboiled-core-1.1.6.jar
     [bootstrap] F:\JAVA\jre\lib\jsse.jar
     [classpath] F:\DropBox\Dropbox\4th Semester\AlgStrData\Proyecto\lib\lib\neo4j-shell-2.1.4.jar
     [loader.0] file:/F:/DropBox/Dropbox/4th%20Semester/AlgStrData/Proyecto/lib/lib/opencsv-2.0.jar
     [loader.1] file:/F:/JAVA/jre/lib/ext/sunec.jar
     [classpath] F:\DropBox\Dropbox\4th Semester\AlgStrData\Proyecto\lib\lib\neo4j-jmx-2.1.4.jar
     [loader.0] file:/F:/DropBox/Dropbox/4th%20Semester/AlgStrData/Proyecto/lib/lib/neo4j-udc-2.1.4.jar
     [classpath] F:\DropBox\Dropbox\4th Semester\AlgStrData\Proyecto\lib\lib\neo4j-cypher-2.1.4.jar
     [loader.0] file:/F:/DropBox/Dropbox/4th%20Semester/AlgStrData/Proyecto/lib/lib/parboiled-core-1.1.6.jar
     [loader.0] file:/F:/DropBox/Dropbox/4th%20Semester/AlgStrData/Proyecto/lib/lib/neo4j-cypher-compiler-2.1-2.1.4.jar
     [loader.0] file:/F:/DropBox/Dropbox/4th%20Semester/AlgStrData/Proyecto/lib/lib/parboiled-scala_2.10-1.1.6.jar
     [loader.0] file:/F:/DropBox/Dropbox/4th%20Semester/AlgStrData/Proyecto/lib/lib/neo4j-graph-algo-2.1.4.jar
     [classpath] F:\DropBox\Dropbox\4th Semester\AlgStrData\Proyecto\lib\lib\neo4j-cypher-commons-2.1.4.jar
     [loader.1] file:/F:/JAVA/jre/lib/ext/jfxrt.jar
     [classpath] F:\DropBox\Dropbox\4th Semester\AlgStrData\Proyecto\lib\lib\neo4j-cypher-compiler-1.9-2.0.3.jar
     [classpath] F:\DropBox\Dropbox\4th Semester\AlgStrData\Proyecto\lib\lib\server-api-2.1.4.jar
     [loader.0] file:/F:/DropBox/Dropbox/4th%20Semester/AlgStrData/Proyecto/lib/lib/concurrentlinkedhashmap-lru-1.3.1.jar
     [loader.1] file:/F:/JAVA/jre/lib/ext/sunmscapi.jar
     [classpath] F:\DropBox\Dropbox\4th Semester\AlgStrData\Proyecto\lib\lib\neo4j-lucene-index-2.1.4.jar
     [bootstrap] F:\JAVA\jre\lib\jce.jar
     [classpath] F:\DropBox\Dropbox\4th Semester\AlgStrData\Proyecto\lib\lib\neo4j-cypher-compiler-2.1-2.1.4.jar
     [classpath] F:\DropBox\Dropbox\4th Semester\AlgStrData\Proyecto\lib\lib\neo4j-graph-matching-2.1.4.jar
     [loader.1] file:/F:/JAVA/jre/lib/ext/access-bridge-64.jar
     [classpath] F:\DropBox\Dropbox\4th Semester\AlgStrData\Proyecto\lib\lib\scala-library-2.10.4.jar
     [loader.1] file:/F:/JAVA/jre/lib/ext/cldrdata.jar
     [loader.0] file:/F:/DropBox/Dropbox/4th%20Semester/AlgStrData/Proyecto/lib/lib/neo4j-primitive-collections-2.1.4.jar
     [classpath] F:\DropBox\Dropbox\4th Semester\AlgStrData\Proyecto\lib\lib\concurrentlinkedhashmap-lru-1.3.1.jar
     [loader.1] file:/F:/JAVA/jre/lib/ext/zipfs.jar
     [classpath] F:\DropBox\Dropbox\4th Semester\AlgStrData\Proyecto\lib\lib\lucene-core-3.6.2.jar
     [classpath] F:\DropBox\Dropbox\4th Semester\AlgStrData\Proyecto\lib\lib\org.apache.servicemix.bundles.jline-0.9.94_1.jar
     [classpath] F:\DropBox\Dropbox\4th Semester\AlgStrData\Proyecto\Proyecto\Proyecto2\NEOVitapp\build\classes
2014-11-09 19:43:50.877+0000 INFO  [org.neo4j]: Library path:
    F:\JAVA\bin
    C:\Windows\Sun\Java\bin
    C:\Windows\System32
    C:\Windows
    C:\hdp\hadoop-2.4.0.2.1.5.0-2060\bin
    C:\ProgramData\Oracle\Java\javapath
    C:\Program Files\Common Files\Microsoft Shared\Windows Live
    C:\Program Files (x86)\Common Files\microsoft shared\Windows Live
    C:\Program Files (x86)\NVIDIA Corporation\PhysX\Common
    C:\Windows\System32
    C:\Windows
    C:\Windows\System32\wbem
    C:\Windows\System32\WindowsPowerShell\v1.0
    C:\Program Files (x86)\Common Files\Acronis\SnapAPI
    F:\JAVA\bin
    F:\WinScp\WinSCP
    F:\OpenVPN\bin
    C:\Program Files (x86)\QuickTime\QTSystem
    F:\Yagarto\yagarto-20121222\bin
    F:\Yagarto\yagarto-tools-20121018\bin
    C:\Program Files (x86)\Windows Live\Shared
    F:\Python 2.7.8
    F:\Python 2.7.8\Scripts
    F:\DropBox\Dropbox\4th Semester\AlgStrData\Proyecto\Proyecto\Proyecto2\NEOVitapp
2014-11-09 19:43:50.889+0000 INFO  [org.neo4j]: System.properties:
    sun.boot.library.path = F:\JAVA\jre\bin
    path.separator = ;
    file.encoding.pkg = sun.io
    user.country = US
    user.script = 
    sun.java.launcher = SUN_STANDARD
    sun.os.patch.level = Service Pack 1
    user.dir = F:\DropBox\Dropbox\4th Semester\AlgStrData\Proyecto\Proyecto\Proyecto2\NEOVitapp
    user.variant = 
    sun.jnu.encoding = Cp1252
    sun.management.compiler = HotSpot 64-Bit Tiered Compilers
    user.home = C:\Users\GNXN000000
    user.timezone = America/Regina
    file.encoding = UTF-8
    user.name = GNXN000000
    sun.java.command = neovitapp.NEOVitapp
    sun.arch.data.model = 64
    user.language = en
    awt.toolkit = sun.awt.windows.WToolkit
    file.separator = \
    sun.io.unicode.encoding = UnicodeLittle
    sun.cpu.endian = little
    sun.desktop = windows
    sun.cpu.isalist = amd64
2014-11-09 19:43:50.890+0000 INFO  [org.neo4j]: Network information:
    Interface Software Loopback Interface 1:
        address: 127.0.0.1
        address: 0:0:0:0:0:0:0:1
    Interface WAN Miniport (SSTP):
    Interface WAN Miniport (L2TP):
    Interface WAN Miniport (PPTP):
    Interface WAN Miniport (PPPOE):
    Interface WAN Miniport (IPv6):
    Interface WAN Miniport (Network Monitor):
    Interface WAN Miniport (IP):
    Interface RAS Async Adapter:
    Interface Intel(R) WiFi Link 5100 AGN:
        address: 192.168.1.5
        address: fe80:0:0:0:7993:a9ae:cf5c:416b%wlan0
    Interface Realtek RTL8168C(P)/8111C(P) Family PCI-E Gigabit Ethernet NIC (NDIS 6.20):
        address: fe80:0:0:0:246a:2057:ff51:25e8%eth3
    Interface Bluetooth Device (RFCOMM Protocol TDI):
    Interface Bluetooth Device (Personal Area Network):
        address: fe80:0:0:0:a0ee:3e46:8912:521e%eth4
    Interface Teredo Tunneling Pseudo-Interface:
        address: fe80:0:0:0:0:100:7f:fffe%net4
    Interface WAN Miniport (IKEv2):
    Interface TAP-Windows Adapter V9:
        address: fe80:0:0:0:a113:6c86:e49b:4447%eth5
    Interface Realtek RTL8188CU Wireless LAN 802.11n USB 2.0 Network Adapter:
    Interface Microsoft Virtual WiFi Miniport Adapter:
    Interface Microsoft ISATAP Adapter:
    Interface Microsoft ISATAP Adapter #3:
        address: fe80:0:0:0:0:5efe:c0a8:5001%net7
    Interface VMware Virtual Ethernet Adapter for VMnet1:
        address: 192.168.80.1
        address: fe80:0:0:0:91cb:ebae:2e12:f41%eth6
    Interface VMware Virtual Ethernet Adapter for VMnet8:
        address: 192.168.23.1
        address: fe80:0:0:0:3c83:8b94:df60:2fa1%eth7
    Interface Microsoft ISATAP Adapter #5:
        address: fe80:0:0:0:0:5efe:c0a8:1701%net8
    Interface VirtualBox Host-Only Ethernet Adapter:
        address: 192.168.56.1
        address: fe80:0:0:0:4:fb1d:6b36:8797%eth8
    Interface Realtek RTL8188CU Wireless LAN 802.11n USB 2.0 Network Adapter - VirtualBox Bridged Networking Driver Miniport:
    Interface Intel(R) WiFi Link 5100 AGN - VirtualBox Bridged Networking Driver Miniport:
    Interface TAP-Windows Adapter V9 - VirtualBox Bridged Networking Driver Miniport:
    Interface Realtek RTL8168C(P)/8111C(P) Family PCI-E Gigabit Ethernet NIC (NDIS 6.20) - VirtualBox Bridged Networking Driver Miniport:
    Interface Microsoft ISATAP Adapter #7:
        address: fe80:0:0:0:0:5efe:c0a8:3801%net10
    Interface Microsoft ISATAP Adapter #2:
        address: fe80:0:0:0:0:5efe:c0a8:105%net11
    Interface Intel(R) WiFi Link 5100 AGN-Virtual WiFi Filter Driver-0000:
    Interface Realtek RTL8168C(P)/8111C(P) Family PCI-E Gigabit Ethernet NIC (NDIS 6.20) - VirtualBox Bridged Networking Driver Miniport-QoS Packet Scheduler-0000:
    Interface Realtek RTL8168C(P)/8111C(P) Family PCI-E Gigabit Ethernet NIC (NDIS 6.20) - VirtualBox Bridged Networking Driver Miniport-WFP LightWeight Filter-0000:
    Interface VirtualBox Host-Only Ethernet Adapter-QoS Packet Scheduler-0000:
    Interface VirtualBox Host-Only Ethernet Adapter-WFP LightWeight Filter-0000:
    Interface WAN Miniport (IPv6)-QoS Packet Scheduler-0000:
    Interface WAN Miniport (IP)-QoS Packet Scheduler-0000:
    Interface WAN Miniport (Network Monitor)-QoS Packet Scheduler-0000:
    Interface TAP-Windows Adapter V9 - VirtualBox Bridged Networking Driver Miniport-QoS Packet Scheduler-0000:
    Interface TAP-Windows Adapter V9 - VirtualBox Bridged Networking Driver Miniport-WFP LightWeight Filter-0000:
    Interface Intel(R) WiFi Link 5100 AGN-Native WiFi Filter Driver-0000:
    Interface Intel(R) WiFi Link 5100 AGN - VirtualBox Bridged Networking Driver Miniport-QoS Packet Scheduler-0000:
    Interface Intel(R) WiFi Link 5100 AGN - VirtualBox Bridged Networking Driver Miniport-WFP LightWeight Filter-0000:
    Interface Microsoft ISATAP Adapter #4:
2014-11-09 19:43:52.142+0000 INFO  [org.neo4j]: --- INITIALIZED diagnostics END ---
2014-11-09 19:43:52.591+0000 INFO  [org.neo4j]: Creating new db @ target\neo4j-traversal-example\neostore
2014-11-09 19:43:55.729+0000 INFO  [org.neo4j]: [target\neo4j-traversal-example\neostore.relationshiptypestore.db.names] brickCount=0 brickSize=0b mappedMem=0b (storeSize=38b)
2014-11-09 19:43:55.734+0000 INFO  [org.neo4j]: [target\neo4j-traversal-example\neostore.relationshiptypestore.db] brickCount=0 brickSize=0b mappedMem=0b (storeSize=0b)
2014-11-09 19:43:55.790+0000 INFO  [org.neo4j]: target\neo4j-traversal-example\neostore.relationshiptypestore.db.names hit=0 miss=0 switches=0 ooe=0
2014-11-09 19:43:55.949+0000 INFO  [org.neo4j]: target\neo4j-traversal-example\neostore.relationshiptypestore.db hit=0 miss=0 switches=0 ooe=0
2014-11-09 19:43:56.293+0000 INFO  [org.neo4j]: [target\neo4j-traversal-example\neostore.labeltokenstore.db.names] brickCount=0 brickSize=0b mappedMem=0b (storeSize=38b)
2014-11-09 19:43:56.295+0000 INFO  [org.neo4j]: [target\neo4j-traversal-example\neostore.labeltokenstore.db] brickCount=0 brickSize=0b mappedMem=0b (storeSize=0b)
2014-11-09 19:43:56.326+0000 INFO  [org.neo4j]: target\neo4j-traversal-example\neostore.labeltokenstore.db.names hit=0 miss=0 switches=0 ooe=0
2014-11-09 19:43:56.436+0000 INFO  [org.neo4j]: target\neo4j-traversal-example\neostore.labeltokenstore.db hit=0 miss=0 switches=0 ooe=0
2014-11-09 19:43:56.839+0000 INFO  [org.neo4j]: [target\neo4j-traversal-example\neostore.relationshiptypestore.db.names] brickCount=0 brickSize=0b mappedMem=0b (storeSize=38b)
2014-11-09 19:43:56.841+0000 INFO  [org.neo4j]: [target\neo4j-traversal-example\neostore.relationshiptypestore.db] brickCount=0 brickSize=0b mappedMem=0b (storeSize=0b)
2014-11-09 19:43:56.850+0000 INFO  [org.neo4j]: [target\neo4j-traversal-example\neostore.labeltokenstore.db.names] brickCount=0 brickSize=0b mappedMem=0b (storeSize=38b)
2014-11-09 19:43:56.870+0000 INFO  [org.neo4j]: [target\neo4j-traversal-example\neostore.labeltokenstore.db] brickCount=0 brickSize=0b mappedMem=0b (storeSize=0b)
2014-11-09 19:43:56.875+0000 INFO  [org.neo4j]: [target\neo4j-traversal-example\neostore.propertystore.db.strings] brickCount=0 brickSize=49280b mappedMem=49283072b (storeSize=128b)
2014-11-09 19:43:56.876+0000 INFO  [org.neo4j]: [target\neo4j-traversal-example\neostore.propertystore.db.index.keys] brickCount=0 brickSize=0b mappedMem=0b (storeSize=38b)
2014-11-09 19:43:56.879+0000 INFO  [org.neo4j]: [target\neo4j-traversal-example\neostore.propertystore.db.index] brickCount=0 brickSize=0b mappedMem=0b (storeSize=0b)
2014-11-09 19:43:56.881+0000 INFO  [org.neo4j]: [target\neo4j-traversal-example\neostore.propertystore.db.arrays] brickCount=0 brickSize=55552b mappedMem=55574528b (storeSize=128b)
2014-11-09 19:43:56.886+0000 INFO  [org.neo4j]: [target\neo4j-traversal-example\neostore.propertystore.db] brickCount=0 brickSize=576706b mappedMem=57671680b (storeSize=0b)
2014-11-09 19:43:56.893+0000 INFO  [org.neo4j]: [target\neo4j-traversal-example\neostore.relationshipstore.db] brickCount=0 brickSize=702542b mappedMem=70254592b (storeSize=0b)
2014-11-09 19:43:56.895+0000 INFO  [org.neo4j]: [target\neo4j-traversal-example\neostore.nodestore.db.labels] brickCount=0 brickSize=0b mappedMem=0b (storeSize=68b)
2014-11-09 19:43:56.898+0000 INFO  [org.neo4j]: [target\neo4j-traversal-example\neostore.nodestore.db] brickCount=0 brickSize=157275b mappedMem=15728640b (storeSize=0b)
2014-11-09 19:43:56.900+0000 INFO  [org.neo4j]: [target\neo4j-traversal-example\neostore.schemastore.db] brickCount=0 brickSize=0b mappedMem=0b (storeSize=64b)
2014-11-09 19:43:56.903+0000 INFO  [org.neo4j]: [target\neo4j-traversal-example\neostore.relationshipgroupstore.db] brickCount=0 brickSize=0b mappedMem=0b (storeSize=25b)
2014-11-09 19:43:56.904+0000 INFO  [org.neo4j]: [target\neo4j-traversal-example\neostore] brickCount=0 brickSize=0b mappedMem=0b (storeSize=0b)
2014-11-09 19:43:57.116+0000 INFO  [org.neo4j]: target\neo4j-traversal-example\neostore.relationshiptypestore.db.names hit=0 miss=0 switches=0 ooe=0
2014-11-09 19:43:57.222+0000 INFO  [org.neo4j]: target\neo4j-traversal-example\neostore.relationshiptypestore.db hit=0 miss=0 switches=0 ooe=0
2014-11-09 19:43:57.319+0000 INFO  [org.neo4j]: target\neo4j-traversal-example\neostore.labeltokenstore.db.names hit=0 miss=0 switches=0 ooe=0
2014-11-09 19:43:57.413+0000 INFO  [org.neo4j]: target\neo4j-traversal-example\neostore.labeltokenstore.db hit=0 miss=0 switches=0 ooe=0
2014-11-09 19:43:57.532+0000 INFO  [org.neo4j]: target\neo4j-traversal-example\neostore.propertystore.db.strings hit=0 miss=0 switches=0 ooe=0
2014-11-09 19:43:57.644+0000 INFO  [org.neo4j]: target\neo4j-traversal-example\neostore.propertystore.db.index.keys hit=0 miss=0 switches=0 ooe=0
2014-11-09 19:43:57.731+0000 INFO  [org.neo4j]: target\neo4j-traversal-example\neostore.propertystore.db.index hit=0 miss=0 switches=0 ooe=0
2014-11-09 19:43:57.864+0000 INFO  [org.neo4j]: target\neo4j-traversal-example\neostore.propertystore.db.arrays hit=0 miss=0 switches=0 ooe=0
2014-11-09 19:43:57.964+0000 INFO  [org.neo4j]: target\neo4j-traversal-example\neostore.propertystore.db hit=0 miss=0 switches=0 ooe=0
2014-11-09 19:43:58.052+0000 INFO  [org.neo4j]: target\neo4j-traversal-example\neostore.relationshipstore.db hit=0 miss=0 switches=0 ooe=0
2014-11-09 19:43:58.152+0000 INFO  [org.neo4j]: target\neo4j-traversal-example\neostore.nodestore.db.labels hit=0 miss=0 switches=0 ooe=0
2014-11-09 19:43:58.230+0000 INFO  [org.neo4j]: target\neo4j-traversal-example\neostore.nodestore.db hit=0 miss=0 switches=0 ooe=0
2014-11-09 19:43:58.329+0000 INFO  [org.neo4j]: target\neo4j-traversal-example\neostore.schemastore.db hit=0 miss=0 switches=0 ooe=0
2014-11-09 19:43:58.418+0000 INFO  [org.neo4j]: target\neo4j-traversal-example\neostore.relationshipgroupstore.db hit=0 miss=0 switches=0 ooe=0
2014-11-09 19:43:58.527+0000 INFO  [org.neo4j]: target\neo4j-traversal-example\neostore hit=0 miss=10 switches=0 ooe=0
2014-11-09 19:43:58.638+0000 INFO  [org.neo4j]: [target\neo4j-traversal-example\neostore.relationshiptypestore.db.names] brickCount=0 brickSize=0b mappedMem=0b (storeSize=38b)
2014-11-09 19:43:58.646+0000 INFO  [org.neo4j]: [target\neo4j-traversal-example\neostore.relationshiptypestore.db] brickCount=0 brickSize=0b mappedMem=0b (storeSize=0b)
2014-11-09 19:43:58.646+0000 INFO  [org.neo4j]: [target\neo4j-traversal-example\neostore.labeltokenstore.db.names] brickCount=0 brickSize=0b mappedMem=0b (storeSize=38b)
2014-11-09 19:43:58.647+0000 INFO  [org.neo4j]: [target\neo4j-traversal-example\neostore.labeltokenstore.db] brickCount=0 brickSize=0b mappedMem=0b (storeSize=0b)
2014-11-09 19:43:58.648+0000 INFO  [org.neo4j]: [target\neo4j-traversal-example\neostore.propertystore.db.strings] brickCount=0 brickSize=49280b mappedMem=49283072b (storeSize=128b)
2014-11-09 19:43:58.649+0000 INFO  [org.neo4j]: [target\neo4j-traversal-example\neostore.propertystore.db.index.keys] brickCount=0 brickSize=0b mappedMem=0b (storeSize=38b)
2014-11-09 19:43:58.650+0000 INFO  [org.neo4j]: [target\neo4j-traversal-example\neostore.propertystore.db.index] brickCount=0 brickSize=0b mappedMem=0b (storeSize=0b)
2014-11-09 19:43:58.651+0000 INFO  [org.neo4j]: [target\neo4j-traversal-example\neostore.propertystore.db.arrays] brickCount=0 brickSize=55552b mappedMem=55574528b (storeSize=128b)
2014-11-09 19:43:58.651+0000 INFO  [org.neo4j]: [target\neo4j-traversal-example\neostore.propertystore.db] brickCount=0 brickSize=576706b mappedMem=57671680b (storeSize=0b)
2014-11-09 19:43:58.652+0000 INFO  [org.neo4j]: [target\neo4j-traversal-example\neostore.relationshipstore.db] brickCount=0 brickSize=702542b mappedMem=70254592b (storeSize=0b)
2014-11-09 19:43:58.653+0000 INFO  [org.neo4j]: [target\neo4j-traversal-example\neostore.nodestore.db.labels] brickCount=0 brickSize=0b mappedMem=0b (storeSize=68b)
2014-11-09 19:43:58.654+0000 INFO  [org.neo4j]: [target\neo4j-traversal-example\neostore.nodestore.db] brickCount=0 brickSize=157275b mappedMem=15728640b (storeSize=0b)
2014-11-09 19:43:58.655+0000 INFO  [org.neo4j]: [target\neo4j-traversal-example\neostore.schemastore.db] brickCount=0 brickSize=0b mappedMem=0b (storeSize=64b)
2014-11-09 19:43:58.656+0000 INFO  [org.neo4j]: [target\neo4j-traversal-example\neostore.relationshipgroupstore.db] brickCount=0 brickSize=0b mappedMem=0b (storeSize=25b)
2014-11-09 19:43:58.657+0000 INFO  [org.neo4j]: [target\neo4j-traversal-example\neostore] brickCount=0 brickSize=0b mappedMem=0b (storeSize=81b)
2014-11-09 19:43:59.000+0000 INFO  [org.neo4j]: No lucene scan store index found, this might just be first use. Preparing to rebuild.
2014-11-09 19:43:59.110+0000 INFO  [org.neo4j]: No lucene scan store index found, this might just be first use. Preparing to rebuild.
2014-11-09 19:43:59.305+0000 INFO  [org.neo4j]: Opened logical log [target\neo4j-traversal-example\nioneo_logical.log.1] version=0, lastTxId=1 (clean)
2014-11-09 19:43:59.358+0000 INFO  [org.neo4j]: Rebuilding lucene scan store, this may take a while
2014-11-09 19:43:59.359+0000 INFO  [org.neo4j]: Lucene scan store rebuilt (roughly -1 nodes)
2014-11-09 19:43:59.367+0000 INFO  [org.neo4j]: TM new log: tm_tx_log.1
2014-11-09 19:43:59.432+0000 INFO  [org.neo4j]: Kernel health set to OK
2014-11-09 19:43:59.515+0000 INFO  [org.neo4j]: Opened logical log [target\neo4j-traversal-example\index\lucene.log.1] version=0, lastTxId=1 (clean)
2014-11-09 19:43:59.549+0000 INFO  [org.neo4j]: --- STARTED diagnostics for KernelDiagnostics:Versions START ---
2014-11-09 19:43:59.549+0000 INFO  [org.neo4j]: Graph Database: org.neo4j.kernel.EmbeddedGraphDatabase StoreId{creationTime=1415562232642, randomId=-6369667981291834102, storeVersion=14406081294923270, upgradeTime=1415562232642, upgradeId=-6369667981291834102}
2014-11-09 19:43:59.549+0000 INFO  [org.neo4j]: Kernel version: Neo4j - Graph Database Kernel (neo4j-kernel), version: 2.1.4
2014-11-09 19:43:59.549+0000 INFO  [org.neo4j]: Neo4j component versions:
2014-11-09 19:43:59.558+0000 INFO  [org.neo4j]:   Neo4j - Cypher Compiler 1.9 (neo4j-cypher-compiler-1.9), version: 2.0.3; revision: 2.0.3:2.0-maint:72/307c563c11b75fdc71cfa6df05daf9b08d6c37dc
2014-11-09 19:43:59.559+0000 INFO  [org.neo4j]:   Neo4j - Cypher Commons (neo4j-cypher-commons), version: 2.1.4; revision: 2.1.4:2.1-maint:472/9e3b31ae01b01caaaa433d8843b81d7c355e8f69
2014-11-09 19:43:59.559+0000 INFO  [org.neo4j]:   neo4j-udc, version: 2.1.4; revision: 2.1.4:2.1-maint:472/9e3b31ae01b01caaaa433d8843b81d7c355e8f69
2014-11-09 19:43:59.559+0000 INFO  [org.neo4j]:   Neo4j Server API (server-api), version: 2.1.4; revision: 2.1.4:2.1-maint:472/9e3b31ae01b01caaaa433d8843b81d7c355e8f69
2014-11-09 19:43:59.559+0000 INFO  [org.neo4j]:   Neo4j - Lucene Index (neo4j-lucene-index), version: 2.1.4; revision: 2.1.4:2.1-maint:472/9e3b31ae01b01caaaa433d8843b81d7c355e8f69
2014-11-09 19:43:59.559+0000 INFO  [org.neo4j]:   Neo4j - Cypher Compiler 2.0 (neo4j-cypher-compiler-2.0), version: 2.0.3; revision: 2.0.3:2.0-maint:72/307c563c11b75fdc71cfa6df05daf9b08d6c37dc
2014-11-09 19:43:59.559+0000 INFO  [org.neo4j]:   Neo4j - Graph Matching (neo4j-graph-matching), version: 2.1.4; revision: 2.1.4:2.1-maint:472/9e3b31ae01b01caaaa433d8843b81d7c355e8f69
2014-11-09 19:43:59.559+0000 INFO  [org.neo4j]:   Neo4j - Graph Database Kernel (neo4j-kernel), version: 2.1.4; revision: 2.1.4:2.1-maint:472/9e3b31ae01b01caaaa433d8843b81d7c355e8f69
2014-11-09 19:43:59.559+0000 INFO  [org.neo4j]:   Neo4j - JMX support (neo4j-jmx), version: 2.1.4; revision: 2.1.4:2.1-maint:472/9e3b31ae01b01caaaa433d8843b81d7c355e8f69
2014-11-09 19:43:59.559+0000 INFO  [org.neo4j]:   Neo4j - Cypher (neo4j-cypher), version: 2.1.4; revision: 2.1.4:2.1-maint:472/9e3b31ae01b01caaaa433d8843b81d7c355e8f69
2014-11-09 19:43:59.559+0000 INFO  [org.neo4j]:   Neo4j - Generic shell (neo4j-shell), version: 2.1.4; revision: 2.1.4:2.1-maint:472/9e3b31ae01b01caaaa433d8843b81d7c355e8f69
2014-11-09 19:43:59.561+0000 INFO  [org.neo4j]:   Neo4j - Graph Algorithms (neo4j-graph-algo), version: 2.1.4; revision: 2.1.4:2.1-maint:472/9e3b31ae01b01caaaa433d8843b81d7c355e8f69
2014-11-09 19:43:59.561+0000 INFO  [org.neo4j]: --- STARTED diagnostics for KernelDiagnostics:Versions END ---
2014-11-09 19:43:59.569+0000 INFO  [org.neo4j]: --- STARTED diagnostics for NEO_STORE_VERSIONS START ---
2014-11-09 19:43:59.569+0000 INFO  [org.neo4j]: Store versions:
    Store versions:
      NeoStore v0.A.3
      SchemaStore v0.A.3
      NodeStore v0.A.3
      RelationshipStore v0.A.3
      RelationshipTypeStore v0.A.3
      LabelTokenStore v0.A.3
      PropertyStore v0.A.3
      PropertyIndexStore v0.A.3
      StringPropertyStore v0.A.3
      ArrayPropertyStore v0.A.3
      RelationshipGroupStore v0.A.3
2014-11-09 19:43:59.570+0000 INFO  [org.neo4j]: --- STARTED diagnostics for NEO_STORE_VERSIONS END ---
2014-11-09 19:43:59.570+0000 INFO  [org.neo4j]: --- STARTED diagnostics for NEO_STORE_ID_USAGE START ---
2014-11-09 19:43:59.570+0000 INFO  [org.neo4j]: Id usage:
    Id usage:
      SchemaStore: used=1 high=0
      NodeStore: used=0 high=-1
      RelationshipStore: used=0 high=-1
      RelationshipTypeStore: used=0 high=-1
      LabelTokenStore: used=0 high=-1
      PropertyStore: used=0 high=-1
      PropertyIndexStore: used=0 high=-1
      StringPropertyStore: used=1 high=0
      ArrayPropertyStore: used=1 high=0
      RelationshipGroupStore: used=1 high=0
2014-11-09 19:43:59.571+0000 INFO  [org.neo4j]: --- STARTED diagnostics for NEO_STORE_ID_USAGE END ---
2014-11-09 19:43:59.571+0000 INFO  [org.neo4j]: --- STARTED diagnostics for PERSISTENCE_WINDOW_POOL_STATS START ---
2014-11-09 19:43:59.571+0000 INFO  [org.neo4j]: --- STARTED diagnostics for PERSISTENCE_WINDOW_POOL_STATS END ---
2014-11-09 19:43:59.572+0000 INFO  [org.neo4j]: --- STARTED diagnostics for KernelDiagnostics:StoreFiles START ---
2014-11-09 19:43:59.586+0000 INFO  [org.neo4j]: Disk space on partition (Total / Free / Free %): 869695041536 / 520114696192 / 59
Storage files: (filename : modification date - size)
      active_tx_log: 2014-11-09T13:43:59-0600 - 11.00 B
      index:
        lucene-store.db: 2014-11-09T13:43:59-0600 - 40.00 B
        lucene.log.1: 2014-11-09T13:43:59-0600 - 16.00 B
        lucene.log.active: 2014-11-09T13:43:59-0600 - 4.00 B
      - Total: 2014-11-09T13:43:59-0600 - 60.00 B
      lock: 2014-11-09T13:43:52-0600 - 0.00 B
      messages.log: 2014-11-09T13:43:50-0600 - 27.79 kB
      neostore: 2014-11-09T13:43:58-0600 - 81.00 B
      neostore.id: 2014-11-09T13:43:58-0600 - 9.00 B
      neostore.labeltokenstore.db: 2014-11-09T13:43:58-0600 - 0.00 B
      neostore.labeltokenstore.db.id: 2014-11-09T13:43:57-0600 - 9.00 B
      neostore.labeltokenstore.db.names: 2014-11-09T13:43:58-0600 - 38.00 B
      neostore.labeltokenstore.db.names.id: 2014-11-09T13:43:57-0600 - 9.00 B
      neostore.nodestore.db: 2014-11-09T13:43:58-0600 - 0.00 B
      neostore.nodestore.db.id: 2014-11-09T13:43:58-0600 - 9.00 B
      neostore.nodestore.db.labels: 2014-11-09T13:43:58-0600 - 68.00 B
      neostore.nodestore.db.labels.id: 2014-11-09T13:43:58-0600 - 9.00 B
      neostore.propertystore.db: 2014-11-09T13:43:58-0600 - 0.00 B
      neostore.propertystore.db.arrays: 2014-11-09T13:43:58-0600 - 128.00 B
      neostore.propertystore.db.arrays.id: 2014-11-09T13:43:57-0600 - 9.00 B
      neostore.propertystore.db.id: 2014-11-09T13:43:57-0600 - 9.00 B
      neostore.propertystore.db.index: 2014-11-09T13:43:58-0600 - 0.00 B
      neostore.propertystore.db.index.id: 2014-11-09T13:43:57-0600 - 9.00 B
      neostore.propertystore.db.index.keys: 2014-11-09T13:43:58-0600 - 38.00 B
      neostore.propertystore.db.index.keys.id: 2014-11-09T13:43:57-0600 - 9.00 B
      neostore.propertystore.db.strings: 2014-11-09T13:43:58-0600 - 128.00 B
      neostore.propertystore.db.strings.id: 2014-11-09T13:43:57-0600 - 9.00 B
      neostore.relationshipgroupstore.db: 2014-11-09T13:43:58-0600 - 25.00 B
      neostore.relationshipgroupstore.db.id: 2014-11-09T13:43:58-0600 - 9.00 B
      neostore.relationshipstore.db: 2014-11-09T13:43:58-0600 - 0.00 B
      neostore.relationshipstore.db.id: 2014-11-09T13:43:58-0600 - 9.00 B
      neostore.relationshiptypestore.db: 2014-11-09T13:43:58-0600 - 0.00 B
      neostore.relationshiptypestore.db.id: 2014-11-09T13:43:57-0600 - 9.00 B
      neostore.relationshiptypestore.db.names: 2014-11-09T13:43:58-0600 - 38.00 B
      neostore.relationshiptypestore.db.names.id: 2014-11-09T13:43:57-0600 - 9.00 B
      neostore.schemastore.db: 2014-11-09T13:43:58-0600 - 64.00 B
      neostore.schemastore.db.id: 2014-11-09T13:43:58-0600 - 9.00 B
      nioneo_logical.log.1: 2014-11-09T13:43:59-0600 - 16.00 B
      nioneo_logical.log.active: 2014-11-09T13:43:59-0600 - 4.00 B
      schema:
        label:
          lucene:
            write.lock: 2014-11-09T13:43:59-0600 - 0.00 B
          - Total: 2014-11-09T13:43:59-0600 - 0.00 B
        - Total: 2014-11-09T13:43:59-0600 - 0.00 B
      - Total: 2014-11-09T13:43:58-0600 - 0.00 B
      store_lock: 2014-11-09T13:43:52-0600 - 0.00 B
      tm_tx_log.1: 2014-11-09T13:43:59-0600 - 0.00 B
